#
# There is insufficient memory for the Java Runtime Environment to continue.
# Native memory allocation (malloc) failed to allocate 32744 bytes for ChunkPool::allocate
# Possible reasons:
#   The system is out of physical RAM or swap space
#   The process is running with CompressedOops enabled, and the Java Heap may be blocking the growth of the native heap
# Possible solutions:
#   Reduce memory load on the system
#   Increase physical memory or swap space
#   Check if swap backing store is full
#   Decrease Java heap size (-Xmx/-Xms)
#   Decrease number of Java threads
#   Decrease Java thread stack sizes (-Xss)
#   Set larger code cache with -XX:ReservedCodeCacheSize=
#   JVM is running with Zero Based Compressed Oops mode in which the Java heap is
#     placed in the first 32GB address space. The Java Heap base address is the
#     maximum limit for the native heap growth. Please use -XX:HeapBaseMinAddress
#     to set the Java Heap base and to place the Java Heap above 32GB virtual address.
# This output file may be truncated or incomplete.
#
#  Out of Memory Error (allocation.cpp:272), pid=21092, tid=0x0000000000001bf0
#
# JRE version: Java(TM) SE Runtime Environment (8.0_271-b09) (build 1.8.0_271-b09)
# Java VM: Java HotSpot(TM) 64-Bit Server VM (25.271-b09 mixed mode windows-amd64 compressed oops)
# Failed to write core dump. Minidumps are not enabled by default on client versions of Windows
#

---------------  T H R E A D  ---------------

Current thread (0x0000027cf463b000):  JavaThread "C1 CompilerThread2" daemon [_thread_in_native, id=7152, stack(0x000000b7a4100000,0x000000b7a4200000)]

Stack: [0x000000b7a4100000,0x000000b7a4200000]
Native frames: (J=compiled Java code, j=interpreted, Vv=VM code, C=native code)
V  [jvm.dll+0x33f6c9]


Current CompileTask:
C1:  50545 6565   !   3       java.io.ObjectInputStream::readSerialData (367 bytes)


---------------  P R O C E S S  ---------------

Java Threads: ( => current thread )
  0x0000027cf926d000 JavaThread "task-result-getter-1" daemon [_thread_blocked, id=12424, stack(0x000000b7a7600000,0x000000b7a7700000)]
  0x0000027cf9274000 JavaThread "block-manager-ask-thread-pool-3" daemon [_thread_blocked, id=14708, stack(0x000000b7a7300000,0x000000b7a7400000)]
  0x0000027cf9270000 JavaThread "block-manager-ask-thread-pool-2" daemon [_thread_blocked, id=11628, stack(0x000000b7a7200000,0x000000b7a7300000)]
  0x0000027cf9271800 JavaThread "block-manager-slave-async-thread-pool-5" daemon [_thread_blocked, id=22572, stack(0x000000b7a7100000,0x000000b7a7200000)]
  0x0000027cf926f800 JavaThread "block-manager-slave-async-thread-pool-4" daemon [_thread_blocked, id=18068, stack(0x000000b7a7000000,0x000000b7a7100000)]
  0x0000027cf9271000 JavaThread "block-manager-slave-async-thread-pool-3" daemon [_thread_blocked, id=8008, stack(0x000000b7a6f00000,0x000000b7a7000000)]
  0x0000027cf926e800 JavaThread "block-manager-ask-thread-pool-1" daemon [_thread_blocked, id=16004, stack(0x000000b7a6e00000,0x000000b7a6f00000)]
  0x0000027cf926c800 JavaThread "block-manager-ask-thread-pool-0" daemon [_thread_blocked, id=23840, stack(0x000000b7a6d00000,0x000000b7a6e00000)]
  0x0000027cf9272800 JavaThread "block-manager-slave-async-thread-pool-2" daemon [_thread_blocked, id=3232, stack(0x000000b7a6c00000,0x000000b7a6d00000)]
  0x0000027cf926e000 JavaThread "block-manager-slave-async-thread-pool-1" daemon [_thread_blocked, id=2180, stack(0x000000b7a6b00000,0x000000b7a6c00000)]
  0x0000027cf9273000 JavaThread "block-manager-slave-async-thread-pool-0" daemon [_thread_blocked, id=26040, stack(0x000000b7a6a00000,0x000000b7a6b00000)]
  0x0000027cf622e800 JavaThread "task-result-getter-0" daemon [_thread_blocked, id=15536, stack(0x000000b7a6900000,0x000000b7a6a00000)]
  0x0000027cf622c800 JavaThread "Executor task launch worker for task 2" daemon [_thread_in_vm, id=20100, stack(0x000000b7a6800000,0x000000b7a6900000)]
  0x0000027cf622a800 JavaThread "org.apache.hadoop.fs.FileSystem$Statistics$StatisticsDataReferenceCleaner" daemon [_thread_blocked, id=13832, stack(0x000000b7a6700000,0x000000b7a6800000)]
  0x0000027cf6230000 JavaThread "spark-listener-group-streams" daemon [_thread_blocked, id=15872, stack(0x000000b7a6600000,0x000000b7a6700000)]
  0x0000027cf622f800 JavaThread "spark-listener-group-shared" daemon [_thread_blocked, id=14692, stack(0x000000b7a6500000,0x000000b7a6600000)]
  0x0000027cf6231000 JavaThread "element-tracking-store-worker" daemon [_thread_blocked, id=10768, stack(0x000000b7a6400000,0x000000b7a6500000)]
  0x0000027cf622d000 JavaThread "spark-listener-group-executorManagement" daemon [_thread_blocked, id=17180, stack(0x000000b7a6300000,0x000000b7a6400000)]
  0x0000027cf6223000 JavaThread "spark-listener-group-appStatus" daemon [_thread_blocked, id=21960, stack(0x000000b7a6200000,0x000000b7a6300000)]
  0x0000027cf622a000 JavaThread "context-cleaner-periodic-gc" daemon [_thread_blocked, id=17624, stack(0x000000b7a6100000,0x000000b7a6200000)]
  0x0000027cf6229000 JavaThread "Spark Context Cleaner" daemon [_thread_blocked, id=13644, stack(0x000000b7a6000000,0x000000b7a6100000)]
  0x0000027cf6227800 JavaThread "shuffle-server-5-1" daemon [_thread_in_native, id=18920, stack(0x000000b7a5f00000,0x000000b7a6000000)]
  0x0000027cf6227000 JavaThread "driver-heartbeater" daemon [_thread_blocked, id=21636, stack(0x000000b7a5e00000,0x000000b7a5f00000)]
  0x0000027cf6226000 JavaThread "dag-scheduler-event-loop" daemon [_thread_blocked, id=2352, stack(0x000000b7a5d00000,0x000000b7a5e00000)]
  0x0000027cf6228800 JavaThread "netty-rpc-env-timeout" daemon [_thread_blocked, id=22068, stack(0x000000b7a5c00000,0x000000b7a5d00000)]
  0x0000027cf6225800 JavaThread "Timer-1" daemon [_thread_blocked, id=25680, stack(0x000000b7a5b00000,0x000000b7a5c00000)]
  0x0000027cf6222800 JavaThread "Timer-0" daemon [_thread_blocked, id=14484, stack(0x000000b7a5a00000,0x000000b7a5b00000)]
  0x0000027cf6224800 JavaThread "heartbeat-receiver-event-loop-thread" daemon [_thread_blocked, id=2856, stack(0x000000b7a5900000,0x000000b7a5a00000)]
  0x0000027cf6221800 JavaThread "SparkUI-33" daemon [_thread_blocked, id=19204, stack(0x000000b7a5800000,0x000000b7a5900000)]
  0x0000027cf6224000 JavaThread "SparkUI-32" daemon [_thread_blocked, id=21320, stack(0x000000b7a5700000,0x000000b7a5800000)]
  0x0000027cf4635000 JavaThread "SparkUI-31" daemon [_thread_blocked, id=14540, stack(0x000000b7a5600000,0x000000b7a5700000)]
  0x0000027cf463b800 JavaThread "SparkUI-30" daemon [_thread_blocked, id=15540, stack(0x000000b7a5500000,0x000000b7a5600000)]
  0x0000027cf463a000 JavaThread "SparkUI-29" daemon [_thread_blocked, id=11244, stack(0x000000b7a5400000,0x000000b7a5500000)]
  0x0000027cf4638800 JavaThread "SparkUI-28" daemon [_thread_in_native, id=13252, stack(0x000000b7a5300000,0x000000b7a5400000)]
  0x0000027cf4636800 JavaThread "SparkUI-27-acceptor-0@c5cdbd4-ServerConnector@29b342f{HTTP/1.1,[http/1.1]}{0.0.0.0:4046}" daemon [_thread_in_native, id=21628, stack(0x000000b7a5200000,0x000000b7a5300000)]
  0x0000027cf4638000 JavaThread "SparkUI-26" daemon [_thread_in_native, id=22800, stack(0x000000b7a5100000,0x000000b7a5200000)]
  0x0000027cf4639800 JavaThread "RemoteBlock-temp-file-clean-thread" daemon [_thread_blocked, id=16928, stack(0x000000b7a5000000,0x000000b7a5100000)]
  0x0000027cf4637000 JavaThread "map-output-dispatcher-7" daemon [_thread_blocked, id=26428, stack(0x000000b7a4f00000,0x000000b7a5000000)]
  0x0000027cf438e000 JavaThread "map-output-dispatcher-6" daemon [_thread_blocked, id=24012, stack(0x000000b7a4e00000,0x000000b7a4f00000)]
  0x0000027cf438d000 JavaThread "map-output-dispatcher-5" daemon [_thread_blocked, id=12480, stack(0x000000b7a4d00000,0x000000b7a4e00000)]
  0x0000027cf5162000 JavaThread "map-output-dispatcher-4" daemon [_thread_blocked, id=728, stack(0x000000b7a4c00000,0x000000b7a4d00000)]
  0x0000027cf5161800 JavaThread "map-output-dispatcher-3" daemon [_thread_blocked, id=18732, stack(0x000000b7a4b00000,0x000000b7a4c00000)]
  0x0000027cf5160800 JavaThread "map-output-dispatcher-2" daemon [_thread_blocked, id=22444, stack(0x000000b7a4a00000,0x000000b7a4b00000)]
  0x0000027cf5160000 JavaThread "map-output-dispatcher-1" daemon [_thread_blocked, id=19068, stack(0x000000b7a4900000,0x000000b7a4a00000)]
  0x0000027cf515f000 JavaThread "map-output-dispatcher-0" daemon [_thread_blocked, id=1232, stack(0x000000b7a4800000,0x000000b7a4900000)]
  0x0000027cf5f96800 JavaThread "rpc-server-3-1" daemon [_thread_in_native, id=15992, stack(0x000000b7a4700000,0x000000b7a4800000)]
  0x0000027cf4ee2000 JavaThread "dispatcher-event-loop-1" daemon [_thread_blocked, id=20292, stack(0x000000b7a4600000,0x000000b7a4700000)]
  0x0000027cf4ee1800 JavaThread "dispatcher-event-loop-0" daemon [_thread_blocked, id=15520, stack(0x000000b7a4500000,0x000000b7a4600000)]
  0x0000027cf46c7800 JavaThread "Service Thread" daemon [_thread_blocked, id=7068, stack(0x000000b7a4200000,0x000000b7a4300000)]
=>0x0000027cf463b000 JavaThread "C1 CompilerThread2" daemon [_thread_in_native, id=7152, stack(0x000000b7a4100000,0x000000b7a4200000)]
  0x0000027cf4621800 JavaThread "C2 CompilerThread1" daemon [_thread_in_native, id=22964, stack(0x000000b7a4000000,0x000000b7a4100000)]
  0x0000027cf461f000 JavaThread "C2 CompilerThread0" daemon [_thread_in_native, id=24028, stack(0x000000b7a3f00000,0x000000b7a4000000)]
  0x0000027cf461b800 JavaThread "Monitor Ctrl-Break" daemon [_thread_in_native, id=1512, stack(0x000000b7a3e00000,0x000000b7a3f00000)]
  0x0000027cf2e61800 JavaThread "Attach Listener" daemon [_thread_blocked, id=12672, stack(0x000000b7a3d00000,0x000000b7a3e00000)]
  0x0000027cf2e60800 JavaThread "Signal Dispatcher" daemon [_thread_blocked, id=25636, stack(0x000000b7a3c00000,0x000000b7a3d00000)]
  0x0000027cda7be800 JavaThread "Finalizer" daemon [_thread_blocked, id=1280, stack(0x000000b7a3b00000,0x000000b7a3c00000)]
  0x0000027cf2e44000 JavaThread "Reference Handler" daemon [_thread_blocked, id=20432, stack(0x000000b7a3a00000,0x000000b7a3b00000)]
  0x0000027cda74c800 JavaThread "main" [_thread_blocked, id=23572, stack(0x000000b7a3400000,0x000000b7a3500000)]

Other Threads:
  0x0000027cf2e20000 VMThread [stack: 0x000000b7a3900000,0x000000b7a3a00000] [id=23808]
  0x0000027cf47a2800 WatcherThread [stack: 0x000000b7a4300000,0x000000b7a4400000] [id=8244]

VM state:not at safepoint (normal execution)

VM Mutex/Monitor currently owned by a thread: None

heap address: 0x0000000702c00000, size: 3028 MB, Compressed Oops mode: Zero based, Oop shift amount: 3
Narrow klass base: 0x0000000000000000, Narrow klass shift: 3
Compressed class space size: 1073741824 Address: 0x00000007c0000000

Heap:
 PSYoungGen      total 930304K, used 836779K [0x0000000780f00000, 0x00000007ba700000, 0x00000007c0000000)
  eden space 918528K, 91% used [0x0000000780f00000,0x00000007b400ade8,0x00000007b9000000)
  from space 11776K, 1% used [0x00000007b9000000,0x00000007b9020000,0x00000007b9b80000)
  to   space 9216K, 0% used [0x00000007b9e00000,0x00000007b9e00000,0x00000007ba700000)
 ParOldGen       total 96256K, used 37068K [0x0000000702c00000, 0x0000000708a00000, 0x0000000780f00000)
  object space 96256K, 38% used [0x0000000702c00000,0x00000007050333d0,0x0000000708a00000)
 Metaspace       used 79543K, capacity 88590K, committed 88704K, reserved 1126400K
  class space    used 11234K, capacity 12094K, committed 12160K, reserved 1048576K

Card table byte_map: [0x0000027ceb390000,0x0000027ceb980000] byte_map_base: 0x0000027ce7b7a000

Marking Bits: (ParMarkBitMap*) 0x0000000076d07fe0
 Begin Bits: [0x0000027cebd80000, 0x0000027ceecd0000)
 End Bits:   [0x0000027ceecd0000, 0x0000027cf1c20000)

Polling page: 0x0000027cdbfa0000

CodeCache: size=245760Kb used=16460Kb max_used=16470Kb free=229299Kb
 bounds [0x0000027cdbfd0000, 0x0000027cdd000000, 0x0000027ceafd0000]
 total_blobs=6511 nmethods=5747 adapters=674
 compilation: enabled

Compilation events (10 events):
Event: 50.506 Thread 0x0000027cf463b000 nmethod 6559 0x0000027cdc1f2550 code [0x0000027cdc1f26a0, 0x0000027cdc1f27b8]
Event: 50.506 Thread 0x0000027cf463b000 6550       3       java.util.concurrent.ConcurrentSkipListMap$Node::<init> (20 bytes)
Event: 50.506 Thread 0x0000027cf463b000 nmethod 6550 0x0000027cdc1f2150 code [0x0000027cdc1f22a0, 0x0000027cdc1f24b8]
Event: 50.506 Thread 0x0000027cf463b000 6557       1       java.text.DontCareFieldPosition::getFieldDelegate (5 bytes)
Event: 50.506 Thread 0x0000027cf463b000 nmethod 6557 0x0000027cdc1f1e90 code [0x0000027cdc1f1fe0, 0x0000027cdc1f20f8]
Event: 50.507 Thread 0x0000027cf4621800 nmethod 6561 0x0000027cdc1eef10 code [0x0000027cdc1ef040, 0x0000027cdc1ef118]
Event: 50.507 Thread 0x0000027cf4621800 6563   !   4       java.io.ObjectInputStream$BlockDataInputStream::readUTFSpan (502 bytes)
Event: 50.507 Thread 0x0000027cf463b000 6564       1       scala.Predef$::ArrowAssoc (2 bytes)
Event: 50.507 Thread 0x0000027cf463b000 nmethod 6564 0x0000027cdc1eec50 code [0x0000027cdc1eeda0, 0x0000027cdc1eeeb8]
Event: 50.508 Thread 0x0000027cf463b000 6565   !   3       java.io.ObjectInputStream::readSerialData (367 bytes)

GC Heap History (10 events):
Event: 46.098 GC heap before
{Heap before GC invocations=28 (full 3):
 PSYoungGen      total 817664K, used 803936K [0x0000000780f00000, 0x00000007bb300000, 0x00000007c0000000)
  eden space 803840K, 100% used [0x0000000780f00000,0x00000007b2000000,0x00000007b2000000)
  from space 13824K, 0% used [0x00000007ba580000,0x00000007ba598000,0x00000007bb300000)
  to   space 15360K, 0% used [0x00000007b2000000,0x00000007b2000000,0x00000007b2f00000)
 ParOldGen       total 96256K, used 37068K [0x0000000702c00000, 0x0000000708a00000, 0x0000000780f00000)
  object space 96256K, 38% used [0x0000000702c00000,0x00000007050333d0,0x0000000708a00000)
 Metaspace       used 79504K, capacity 88420K, committed 88704K, reserved 1126400K
  class space    used 11230K, capacity 12087K, committed 12160K, reserved 1048576K
Event: 46.108 GC heap after
Heap after GC invocations=28 (full 3):
 PSYoungGen      total 819200K, used 128K [0x0000000780f00000, 0x00000007baa00000, 0x00000007c0000000)
  eden space 803840K, 0% used [0x0000000780f00000,0x0000000780f00000,0x00000007b2000000)
  from space 15360K, 0% used [0x00000007b2000000,0x00000007b2020000,0x00000007b2f00000)
  to   space 12288K, 0% used [0x00000007b9e00000,0x00000007b9e00000,0x00000007baa00000)
 ParOldGen       total 96256K, used 37068K [0x0000000702c00000, 0x0000000708a00000, 0x0000000780f00000)
  object space 96256K, 38% used [0x0000000702c00000,0x00000007050333d0,0x0000000708a00000)
 Metaspace       used 79504K, capacity 88420K, committed 88704K, reserved 1126400K
  class space    used 11230K, capacity 12087K, committed 12160K, reserved 1048576K
}
Event: 47.279 GC heap before
{Heap before GC invocations=29 (full 3):
 PSYoungGen      total 819200K, used 803968K [0x0000000780f00000, 0x00000007baa00000, 0x00000007c0000000)
  eden space 803840K, 100% used [0x0000000780f00000,0x00000007b2000000,0x00000007b2000000)
  from space 15360K, 0% used [0x00000007b2000000,0x00000007b2020000,0x00000007b2f00000)
  to   space 12288K, 0% used [0x00000007b9e00000,0x00000007b9e00000,0x00000007baa00000)
 ParOldGen       total 96256K, used 37068K [0x0000000702c00000, 0x0000000708a00000, 0x0000000780f00000)
  object space 96256K, 38% used [0x0000000702c00000,0x00000007050333d0,0x0000000708a00000)
 Metaspace       used 79506K, capacity 88484K, committed 88704K, reserved 1126400K
  class space    used 11230K, capacity 12087K, committed 12160K, reserved 1048576K
Event: 47.293 GC heap after
Heap after GC invocations=29 (full 3):
 PSYoungGen      total 927744K, used 96K [0x0000000780f00000, 0x00000007ba700000, 0x00000007c0000000)
  eden space 918528K, 0% used [0x0000000780f00000,0x0000000780f00000,0x00000007b9000000)
  from space 9216K, 1% used [0x00000007b9e00000,0x00000007b9e18000,0x00000007ba700000)
  to   space 11776K, 0% used [0x00000007b9000000,0x00000007b9000000,0x00000007b9b80000)
 ParOldGen       total 96256K, used 37068K [0x0000000702c00000, 0x0000000708a00000, 0x0000000780f00000)
  object space 96256K, 38% used [0x0000000702c00000,0x00000007050333d0,0x0000000708a00000)
 Metaspace       used 79506K, capacity 88484K, committed 88704K, reserved 1126400K
  class space    used 11230K, capacity 12087K, committed 12160K, reserved 1048576K
}
Event: 48.426 GC heap before
{Heap before GC invocations=30 (full 3):
 PSYoungGen      total 927744K, used 918624K [0x0000000780f00000, 0x00000007ba700000, 0x00000007c0000000)
  eden space 918528K, 100% used [0x0000000780f00000,0x00000007b9000000,0x00000007b9000000)
  from space 9216K, 1% used [0x00000007b9e00000,0x00000007b9e18000,0x00000007ba700000)
  to   space 11776K, 0% used [0x00000007b9000000,0x00000007b9000000,0x00000007b9b80000)
 ParOldGen       total 96256K, used 37068K [0x0000000702c00000, 0x0000000708a00000, 0x0000000780f00000)
  object space 96256K, 38% used [0x0000000702c00000,0x00000007050333d0,0x0000000708a00000)
 Metaspace       used 79507K, capacity 88484K, committed 88704K, reserved 1126400K
  class space    used 11230K, capacity 12087K, committed 12160K, reserved 1048576K
Event: 48.429 GC heap after
Heap after GC invocations=30 (full 3):
 PSYoungGen      total 930304K, used 96K [0x0000000780f00000, 0x00000007ba700000, 0x00000007c0000000)
  eden space 918528K, 0% used [0x0000000780f00000,0x0000000780f00000,0x00000007b9000000)
  from space 11776K, 0% used [0x00000007b9000000,0x00000007b9018000,0x00000007b9b80000)
  to   space 9216K, 0% used [0x00000007b9e00000,0x00000007b9e00000,0x00000007ba700000)
 ParOldGen       total 96256K, used 37068K [0x0000000702c00000, 0x0000000708a00000, 0x0000000780f00000)
  object space 96256K, 38% used [0x0000000702c00000,0x00000007050333d0,0x0000000708a00000)
 Metaspace       used 79507K, capacity 88484K, committed 88704K, reserved 1126400K
  class space    used 11230K, capacity 12087K, committed 12160K, reserved 1048576K
}
Event: 49.197 GC heap before
{Heap before GC invocations=31 (full 3):
 PSYoungGen      total 930304K, used 918624K [0x0000000780f00000, 0x00000007ba700000, 0x00000007c0000000)
  eden space 918528K, 100% used [0x0000000780f00000,0x00000007b9000000,0x00000007b9000000)
  from space 11776K, 0% used [0x00000007b9000000,0x00000007b9018000,0x00000007b9b80000)
  to   space 9216K, 0% used [0x00000007b9e00000,0x00000007b9e00000,0x00000007ba700000)
 ParOldGen       total 96256K, used 37068K [0x0000000702c00000, 0x0000000708a00000, 0x0000000780f00000)
  object space 96256K, 38% used [0x0000000702c00000,0x00000007050333d0,0x0000000708a00000)
 Metaspace       used 79508K, capacity 88484K, committed 88704K, reserved 1126400K
  class space    used 11230K, capacity 12087K, committed 12160K, reserved 1048576K
Event: 49.199 GC heap after
Heap after GC invocations=31 (full 3):
 PSYoungGen      total 927744K, used 128K [0x0000000780f00000, 0x00000007ba700000, 0x00000007c0000000)
  eden space 918528K, 0% used [0x0000000780f00000,0x0000000780f00000,0x00000007b9000000)
  from space 9216K, 1% used [0x00000007b9e00000,0x00000007b9e20000,0x00000007ba700000)
  to   space 11776K, 0% used [0x00000007b9000000,0x00000007b9000000,0x00000007b9b80000)
 ParOldGen       total 96256K, used 37068K [0x0000000702c00000, 0x0000000708a00000, 0x0000000780f00000)
  object space 96256K, 38% used [0x0000000702c00000,0x00000007050333d0,0x0000000708a00000)
 Metaspace       used 79508K, capacity 88484K, committed 88704K, reserved 1126400K
  class space    used 11230K, capacity 12087K, committed 12160K, reserved 1048576K
}
Event: 49.871 GC heap before
{Heap before GC invocations=32 (full 3):
 PSYoungGen      total 927744K, used 918656K [0x0000000780f00000, 0x00000007ba700000, 0x00000007c0000000)
  eden space 918528K, 100% used [0x0000000780f00000,0x00000007b9000000,0x00000007b9000000)
  from space 9216K, 1% used [0x00000007b9e00000,0x00000007b9e20000,0x00000007ba700000)
  to   space 11776K, 0% used [0x00000007b9000000,0x00000007b9000000,0x00000007b9b80000)
 ParOldGen       total 96256K, used 37068K [0x0000000702c00000, 0x0000000708a00000, 0x0000000780f00000)
  object space 96256K, 38% used [0x0000000702c00000,0x00000007050333d0,0x0000000708a00000)
 Metaspace       used 79509K, capacity 88484K, committed 88704K, reserved 1126400K
  class space    used 11230K, capacity 12087K, committed 12160K, reserved 1048576K
Event: 49.873 GC heap after
Heap after GC invocations=32 (full 3):
 PSYoungGen      total 930304K, used 128K [0x0000000780f00000, 0x00000007ba700000, 0x00000007c0000000)
  eden space 918528K, 0% used [0x0000000780f00000,0x0000000780f00000,0x00000007b9000000)
  from space 11776K, 1% used [0x00000007b9000000,0x00000007b9020000,0x00000007b9b80000)
  to   space 9216K, 0% used [0x00000007b9e00000,0x00000007b9e00000,0x00000007ba700000)
 ParOldGen       total 96256K, used 37068K [0x0000000702c00000, 0x0000000708a00000, 0x0000000780f00000)
  object space 96256K, 38% used [0x0000000702c00000,0x00000007050333d0,0x0000000708a00000)
 Metaspace       used 79509K, capacity 88484K, committed 88704K, reserved 1126400K
  class space    used 11230K, capacity 12087K, committed 12160K, reserved 1048576K
}

Deoptimization events (10 events):
Event: 34.059 Thread 0x0000027cf622c800 Uncommon trap: reason=unstable_if action=reinterpret pc=0x0000027cdcf243d0 method=org.apache.hadoop.util.LineReader.readDefaultLine(Lorg/apache/hadoop/io/Text;II)I @ 229
Event: 43.648 Thread 0x0000027cf6223000 Uncommon trap: reason=bimorphic action=maybe_recompile pc=0x0000027cdcfc3c08 method=scala.runtime.java8.JFunction0$mcJ$sp.apply()Ljava/lang/Object; @ 1
Event: 50.422 Thread 0x0000027cf622c800 Uncommon trap: reason=unstable_if action=reinterpret pc=0x0000027cdcfeb03c method=org.apache.hadoop.mapreduce.lib.input.LineRecordReader.nextKeyValue()Z @ 58
Event: 50.424 Thread 0x0000027cf622c800 Uncommon trap: reason=unstable_if action=reinterpret pc=0x0000027cdcfc8cfc method=org.apache.spark.sql.execution.datasources.FileScanRDD$$anon$1.hasNext()Z @ 23
Event: 50.425 Thread 0x0000027cf622c800 Uncommon trap: reason=unstable_if action=reinterpret pc=0x0000027cdcfb0918 method=scala.collection.Iterator$$anon$12.hasNext()Z @ 16
Event: 50.427 Thread 0x0000027cf622c800 Uncommon trap: reason=bimorphic action=maybe_recompile pc=0x0000027cdcfc3c08 method=scala.runtime.java8.JFunction0$mcJ$sp.apply()Ljava/lang/Object; @ 1
Event: 50.431 Thread 0x0000027cf622c800 Uncommon trap: reason=bimorphic action=maybe_recompile pc=0x0000027cdcfc3c08 method=scala.runtime.java8.JFunction0$mcJ$sp.apply()Ljava/lang/Object; @ 1
Event: 50.436 Thread 0x0000027cf622c800 Uncommon trap: reason=array_check action=maybe_recompile pc=0x0000027cdc5e0334 method=java.util.Arrays.fill([Ljava/lang/Object;Ljava/lang/Object;)V @ 13
Event: 50.483 Thread 0x0000027cf4ee1800 Uncommon trap: reason=class_check action=maybe_recompile pc=0x0000027cdcfac358 method=scala.collection.TraversableOnce.$anonfun$foldLeft$1(Lscala/runtime/ObjectRef;Lscala/Function2;Ljava/lang/Object;)V @ 7
Event: 50.519 Thread 0x0000027cf6223000 Uncommon trap: reason=class_check action=maybe_recompile pc=0x0000027cdcfac358 method=scala.collection.TraversableOnce.$anonfun$foldLeft$1(Lscala/runtime/ObjectRef;Lscala/Function2;Ljava/lang/Object;)V @ 7

Classes redefined (0 events):
No events

Internal exceptions (10 events):
Event: 30.650 Thread 0x0000027cf6226000 Exception <a 'java/lang/NoSuchMethodError': <clinit>> (0x000000078b764770) thrown at [C:\jenkins\workspace\8-2-build-windows-amd64-cygwin\jdk8u271\605\hotspot\src\share\vm\prims\jni.cpp, line 1615]
Event: 30.652 Thread 0x0000027cf6226000 Exception <a 'java/lang/NoSuchMethodError': <clinit>> (0x000000078b77f590) thrown at [C:\jenkins\workspace\8-2-build-windows-amd64-cygwin\jdk8u271\605\hotspot\src\share\vm\prims\jni.cpp, line 1615]
Event: 30.778 Thread 0x0000027cf622c800 Exception <a 'java/lang/NoSuchMethodError': java.lang.Object.$anonfun$filterNot$1$adapted(Lscala/Function1;Ljava/lang/Object;)Ljava/lang/Object;> (0x000000078cdeaf78) thrown at [C:\jenkins\workspace\8-2-build-windows-amd64-cygwin\jdk8u271\605\hotspot\src\
Event: 31.286 Thread 0x0000027cf4ee1800 Exception <a 'java/lang/NoSuchMethodError': java.lang.Object.$anonfun$zipWith$1(Lscala/concurrent/Future;Lscala/Function2;Lscala/concurrent/ExecutionContext;Ljava/lang/Object;)Lscala/concurrent/Future;> (0x0000000783c3f190) thrown at [C:\jenkins\workspace
Event: 31.287 Thread 0x0000027cf4ee1800 Exception <a 'java/lang/NoSuchMethodError': java.lang.Object.$anonfun$zipWith$2(Lscala/Function2;Ljava/lang/Object;Ljava/lang/Object;)Ljava/lang/Object;> (0x0000000783c45b38) thrown at [C:\jenkins\workspace\8-2-build-windows-amd64-cygwin\jdk8u271\605\hots
Event: 31.287 Thread 0x0000027cf4ee2000 Exception <a 'java/lang/NoSuchMethodError': java.lang.Object.$anonfun$foreach$1$adapted(Lscala/Function1;Lscala/util/Try;)Ljava/lang/Object;> (0x0000000783e8afa8) thrown at [C:\jenkins\workspace\8-2-build-windows-amd64-cygwin\jdk8u271\605\hotspot\src\shar
Event: 31.288 Thread 0x0000027cf4ee2000 Exception <a 'java/lang/NoSuchMethodError': java.lang.Object.$anonfun$failed$1(Lscala/util/Try;)Lscala/util/Try;> (0x0000000783e8ffa8) thrown at [C:\jenkins\workspace\8-2-build-windows-amd64-cygwin\jdk8u271\605\hotspot\src\share\vm\interpreter\linkResolve
Event: 50.454 Thread 0x0000027cf622c800 Exception <a 'java/lang/NoSuchMethodError': <clinit>> (0x00000007b273dcf0) thrown at [C:\jenkins\workspace\8-2-build-windows-amd64-cygwin\jdk8u271\605\hotspot\src\share\vm\prims\jni.cpp, line 1615]
Event: 50.461 Thread 0x0000027cf622c800 Exception <a 'java/lang/NoSuchMethodError': <clinit>> (0x00000007b2748110) thrown at [C:\jenkins\workspace\8-2-build-windows-amd64-cygwin\jdk8u271\605\hotspot\src\share\vm\prims\jni.cpp, line 1615]
Event: 50.462 Thread 0x0000027cf622c800 Exception <a 'java/lang/NoSuchMethodError': <clinit>> (0x00000007b2752948) thrown at [C:\jenkins\workspace\8-2-build-windows-amd64-cygwin\jdk8u271\605\hotspot\src\share\vm\prims\jni.cpp, line 1615]

Events (10 events):
Event: 50.483 Thread 0x0000027cf4ee1800 Uncommon trap: trap_request=0xffffffde fr.pc=0x0000027cdcfac358
Event: 50.483 Thread 0x0000027cf4ee1800 DEOPT PACKING pc=0x0000027cdcfac358 sp=0x000000b7a45fe970
Event: 50.483 Thread 0x0000027cf4ee1800 DEOPT UNPACKING pc=0x0000027cdc015843 sp=0x000000b7a45fe860 mode 2
Event: 50.519 Thread 0x0000027cf6223000 Uncommon trap: trap_request=0xffffffde fr.pc=0x0000027cdcfac358
Event: 50.519 Thread 0x0000027cf6223000 DEOPT PACKING pc=0x0000027cdcfac358 sp=0x000000b7a62fe7f0
Event: 50.519 Thread 0x0000027cf6223000 DEOPT UNPACKING pc=0x0000027cdc015843 sp=0x000000b7a62fe6f0 mode 2
Event: 50.520 loading class scala/Tuple2
Event: 50.520 loading class scala/Tuple2 done
Event: 50.521 loading class scala/Function1
Event: 50.521 loading class scala/Function1 done


Dynamic libraries:
0x00007ff63f060000 - 0x00007ff63f0a7000 	E:\Java\jdk1.8.0_271\bin\java.exe
0x00007ff91ae70000 - 0x00007ff91b065000 	C:\WINDOWS\SYSTEM32\ntdll.dll
0x00007ff919520000 - 0x00007ff9195dd000 	C:\WINDOWS\System32\KERNEL32.DLL
0x00007ff9185a0000 - 0x00007ff918869000 	C:\WINDOWS\System32\KERNELBASE.dll
0x00007ff9195e0000 - 0x00007ff91968c000 	C:\WINDOWS\System32\ADVAPI32.dll
0x00007ff91a4a0000 - 0x00007ff91a53e000 	C:\WINDOWS\System32\msvcrt.dll
0x00007ff919840000 - 0x00007ff9198db000 	C:\WINDOWS\System32\sechost.dll
0x00007ff91a1b0000 - 0x00007ff91a2da000 	C:\WINDOWS\System32\RPCRT4.dll
0x00007ff9196a0000 - 0x00007ff919840000 	C:\WINDOWS\System32\USER32.dll
0x00007ff918ad0000 - 0x00007ff918af2000 	C:\WINDOWS\System32\win32u.dll
0x00007ff919f40000 - 0x00007ff919f6a000 	C:\WINDOWS\System32\GDI32.dll
0x00007ff918920000 - 0x00007ff918a2b000 	C:\WINDOWS\System32\gdi32full.dll
0x00007ff918a30000 - 0x00007ff918acd000 	C:\WINDOWS\System32\msvcp_win.dll
0x00007ff918dd0000 - 0x00007ff918ed0000 	C:\WINDOWS\System32\ucrtbase.dll
0x00007ff909340000 - 0x00007ff9095da000 	C:\WINDOWS\WinSxS\amd64_microsoft.windows.common-controls_6595b64144ccf1df_6.0.19041.1110_none_60b5254171f9507e\COMCTL32.dll
0x00007ff919a80000 - 0x00007ff919ab0000 	C:\WINDOWS\System32\IMM32.DLL
0x00007ff910300000 - 0x00007ff910315000 	E:\Java\jdk1.8.0_271\jre\bin\vcruntime140.dll
0x00007ff8fe2a0000 - 0x00007ff8fe33b000 	E:\Java\jdk1.8.0_271\jre\bin\msvcp140.dll
0x0000000076510000 - 0x0000000076d7f000 	E:\Java\jdk1.8.0_271\jre\bin\server\jvm.dll
0x00007ff919f70000 - 0x00007ff919f78000 	C:\WINDOWS\System32\PSAPI.DLL
0x00007ff8c1eb0000 - 0x00007ff8c1eb9000 	C:\WINDOWS\SYSTEM32\WSOCK32.dll
0x00007ff91a030000 - 0x00007ff91a09b000 	C:\WINDOWS\System32\WS2_32.dll
0x00007ff909ee0000 - 0x00007ff909f07000 	C:\WINDOWS\SYSTEM32\WINMM.dll
0x00007ff917410000 - 0x00007ff91741a000 	C:\WINDOWS\SYSTEM32\VERSION.dll
0x00007ff9173d0000 - 0x00007ff9173e2000 	C:\WINDOWS\SYSTEM32\kernel.appcore.dll
0x00007ff912e60000 - 0x00007ff912e70000 	E:\Java\jdk1.8.0_271\jre\bin\verify.dll
0x00007ff90cf80000 - 0x00007ff90cfab000 	E:\Java\jdk1.8.0_271\jre\bin\java.dll
0x00007ff909640000 - 0x00007ff909670000 	E:\Java\jdk1.8.0_271\jre\bin\instrument.dll
0x00007ff90ff10000 - 0x00007ff90ff28000 	E:\Java\jdk1.8.0_271\jre\bin\zip.dll
0x00007ff91a6f0000 - 0x00007ff91ae2f000 	C:\WINDOWS\System32\SHELL32.dll
0x00007ff916c40000 - 0x00007ff9173d0000 	C:\WINDOWS\SYSTEM32\windows.storage.dll
0x00007ff919b80000 - 0x00007ff919ed5000 	C:\WINDOWS\System32\combase.dll
0x00007ff917f20000 - 0x00007ff917f4c000 	C:\WINDOWS\SYSTEM32\Wldp.dll
0x00007ff91a100000 - 0x00007ff91a1ae000 	C:\WINDOWS\System32\SHCORE.dll
0x00007ff91a2e0000 - 0x00007ff91a335000 	C:\WINDOWS\System32\shlwapi.dll
0x00007ff9184e0000 - 0x00007ff9184ff000 	C:\WINDOWS\SYSTEM32\profapi.dll
0x00007ff9037e0000 - 0x00007ff9037fa000 	C:\Program Files\JetBrains\IntelliJ IDEA Community Edition 2020.3\bin\breakgen64.dll
0x00007ff90d410000 - 0x00007ff90d42c000 	E:\Java\jdk1.8.0_271\jre\bin\net.dll
0x00007ff917d00000 - 0x00007ff917d6a000 	C:\WINDOWS\system32\mswsock.dll
0x00007ff8c1e60000 - 0x00007ff8c1e77000 	C:\WINDOWS\system32\napinsp.dll
0x00007ff8c1e40000 - 0x00007ff8c1e5b000 	C:\WINDOWS\system32\pnrpnsp.dll
0x00007ff913710000 - 0x00007ff913725000 	C:\WINDOWS\system32\wshbth.dll
0x00007ff911bd0000 - 0x00007ff911bed000 	C:\WINDOWS\system32\NLAapi.dll
0x00007ff9179c0000 - 0x00007ff9179fb000 	C:\WINDOWS\SYSTEM32\IPHLPAPI.DLL
0x00007ff917a10000 - 0x00007ff917adc000 	C:\WINDOWS\SYSTEM32\DNSAPI.dll
0x00007ff919a70000 - 0x00007ff919a78000 	C:\WINDOWS\System32\NSI.dll
0x00007ff8c1e20000 - 0x00007ff8c1e32000 	C:\WINDOWS\System32\winrnr.dll
0x00007ff911740000 - 0x00007ff91174a000 	C:\Windows\System32\rasadhlp.dll
0x00007ff910c50000 - 0x00007ff910ccf000 	C:\WINDOWS\System32\fwpuclnt.dll
0x00007ff918da0000 - 0x00007ff918dc7000 	C:\WINDOWS\System32\bcrypt.dll
0x00007ff912db0000 - 0x00007ff912dbd000 	E:\Java\jdk1.8.0_271\jre\bin\management.dll
0x00007ff912b60000 - 0x00007ff912b6a000 	E:\Java\jdk1.8.0_271\jre\bin\w2k_lsa_auth.dll
0x00007ff917420000 - 0x00007ff91742c000 	C:\WINDOWS\SYSTEM32\Secur32.dll
0x00007ff918490000 - 0x00007ff9184c1000 	C:\WINDOWS\SYSTEM32\SSPICLI.DLL
0x00007ff912ae0000 - 0x00007ff912ae9000 	E:\Java\jdk1.8.0_271\jre\bin\jaas_nt.dll
0x00007ff909670000 - 0x00007ff909683000 	E:\Java\jdk1.8.0_271\jre\bin\nio.dll
0x00007ff917f60000 - 0x00007ff917f78000 	C:\WINDOWS\SYSTEM32\CRYPTSP.dll
0x00007ff917630000 - 0x00007ff917664000 	C:\WINDOWS\system32\rsaenh.dll
0x00007ff918460000 - 0x00007ff91848e000 	C:\WINDOWS\SYSTEM32\USERENV.dll
0x00007ff918c60000 - 0x00007ff918ce3000 	C:\WINDOWS\System32\bcryptprimitives.dll
0x00007ff917e90000 - 0x00007ff917e9c000 	C:\WINDOWS\SYSTEM32\CRYPTBASE.dll
0x00007ff911770000 - 0x00007ff911787000 	C:\WINDOWS\SYSTEM32\dhcpcsvc6.DLL
0x00007ff911750000 - 0x00007ff91176d000 	C:\WINDOWS\SYSTEM32\dhcpcsvc.DLL
0x0000000066f40000 - 0x0000000066f6d000 	C:\Users\Microsoft Windows\AppData\Local\Temp\liblz4-java4787053764880302265.so

VM Arguments:
jvm_args: -javaagent:C:\Program Files\JetBrains\IntelliJ IDEA Community Edition 2020.3\lib\idea_rt.jar=53868:C:\Program Files\JetBrains\IntelliJ IDEA Community Edition 2020.3\bin -Dfile.encoding=UTF-8 
java_command: timeusage.TimeUsage
java_class_path (initial): E:\Java\jdk1.8.0_271\jre\lib\charsets.jar;E:\Java\jdk1.8.0_271\jre\lib\deploy.jar;E:\Java\jdk1.8.0_271\jre\lib\ext\access-bridge-64.jar;E:\Java\jdk1.8.0_271\jre\lib\ext\cldrdata.jar;E:\Java\jdk1.8.0_271\jre\lib\ext\dnsns.jar;E:\Java\jdk1.8.0_271\jre\lib\ext\jaccess.jar;E:\Java\jdk1.8.0_271\jre\lib\ext\jfxrt.jar;E:\Java\jdk1.8.0_271\jre\lib\ext\localedata.jar;E:\Java\jdk1.8.0_271\jre\lib\ext\nashorn.jar;E:\Java\jdk1.8.0_271\jre\lib\ext\sunec.jar;E:\Java\jdk1.8.0_271\jre\lib\ext\sunjce_provider.jar;E:\Java\jdk1.8.0_271\jre\lib\ext\sunmscapi.jar;E:\Java\jdk1.8.0_271\jre\lib\ext\sunpkcs11.jar;E:\Java\jdk1.8.0_271\jre\lib\ext\zipfs.jar;E:\Java\jdk1.8.0_271\jre\lib\javaws.jar;E:\Java\jdk1.8.0_271\jre\lib\jce.jar;E:\Java\jdk1.8.0_271\jre\lib\jfr.jar;E:\Java\jdk1.8.0_271\jre\lib\jfxswt.jar;E:\Java\jdk1.8.0_271\jre\lib\jsse.jar;E:\Java\jdk1.8.0_271\jre\lib\management-agent.jar;E:\Java\jdk1.8.0_271\jre\lib\plugin.jar;E:\Java\jdk1.8.0_271\jre\lib\resources.jar;E:\Java\jdk1.8.0_271\jre\lib\rt.jar;F:\Deloitte\Data Science\Scala\scala_proj\timeusage\target\scala-2.12\classes;F:\Deloitte\Data Science\Scala\scala_proj\timeusage\null\Coursier\cache\v1\https\repo1.maven.org\maven2\aopalliance\aopalliance\1.0\aopalliance-1.0.jar;F:\Deloitte\Data Science\Scala\scala_proj\timeusage\null\Coursier\cache\v1\https\repo1.maven.org\maven2\com\carrotsearch\hppc\0.7.2\hppc-0.7.2.jar;F:\Deloitte\Data Science\Scala\scala_proj\timeusage\null\Coursier\cache\v1\https\repo1.maven.org\maven2\com\clearspring\analytics\stream\2.7.0\stream-2.7.0.jar;F:\Deloitte\Data Science\Scala\scala_proj\timeusage\null\Coursier\cache\v1\https\repo1.maven.org\maven2\com\esotericsoftware\kryo-shaded\4.0.2\kryo-shaded-4.0.2.jar;F:\Deloitte\Data Science\Scala\scala_proj\timeusage\null\Coursier\cache\v1\https\repo1.maven.org\maven2\com\esotericsoftware\minlog\1.3.0\minlog-1.3.0.jar;F:\Deloitte\Data Science\Scala\scala_proj\timeusage\null\Coursier\cache\v1\https\repo1.maven.org\maven2\com\faster
Launcher Type: SUN_STANDARD

Environment Variables:
JAVA_HOME=C:\Program Files\Java\jdk1.8.0_271\bin
USERNAME=Microsoft Windows
OS=Windows_NT
PROCESSOR_IDENTIFIER=Intel64 Family 6 Model 58 Stepping 9, GenuineIntel



---------------  S Y S T E M  ---------------

OS: Windows 10.0 , 64 bit Build 19041 (10.0.19041.1151)

CPU:total 4 (initial active 4) (2 cores per cpu, 2 threads per core) family 6 model 58 stepping 9, cmov, cx8, fxsr, mmx, sse, sse2, sse3, ssse3, sse4.1, sse4.2, popcnt, avx, aes, clmul, erms, ht, tsc, tscinvbit, tscinv

Memory: 4k page, physical 12398176k(396572k free), swap 26868048k(0k free)

vm_info: Java HotSpot(TM) 64-Bit Server VM (25.271-b09) for windows-amd64 JRE (1.8.0_271-b09), built on Sep 16 2020 19:14:59 by "" with MS VC++ 15.9 (VS2017)

time: Sun Aug 22 17:25:40 2021
timezone: SE Asia Standard Time
elapsed time: 50.558939 seconds (0d 0h 0m 50s)

